0 info it worked if it ends with ok
1 verbose cli [ '/usr/local/Cellar/node/7.1.0/bin/node',
1 verbose cli   '/usr/local/bin/npm',
1 verbose cli   'run',
1 verbose cli   'dev' ]
2 info using npm@3.10.9
3 info using node@v7.1.0
4 verbose run-script [ 'predev', 'dev', 'postdev' ]
5 info lifecycle youtube1@1.0.0~predev: youtube1@1.0.0
6 silly lifecycle youtube1@1.0.0~predev: no script for predev, continuing
7 info lifecycle youtube1@1.0.0~dev: youtube1@1.0.0
8 verbose lifecycle youtube1@1.0.0~dev: unsafe-perm in lifecycle true
9 verbose lifecycle youtube1@1.0.0~dev: PATH: /usr/local/lib/node_modules/npm/bin/node-gyp-bin:/Users/suelucas/WebstormProjects/webpack/youtube1/node_modules/.bin:/usr/local/Cellar/node/7.1.0/bin:/usr/local/heroku/bin:/Library/Java/JavaVirtualMachines/jdk1.7.0_79.jdk/Contents/Home/bin:/bin:/sbin:/usr/bin:/usr/local/sbin:/usr/local/bin:/usr/local/bin:/usr/bin:/bin:/usr/sbin:/sbin:/Applications/Postgres.app/Contents/Versions/9.4/bin:/Users/suelucas/.rvm/bin:/opt/ImageMagick/bin:/usr/local/apache-maven-3.3.3/bin
10 verbose lifecycle youtube1@1.0.0~dev: CWD: /Users/suelucas/WebstormProjects/webpack/youtube1
11 silly lifecycle youtube1@1.0.0~dev: Args: [ '-c', 'node dev-server.js' ]
12 silly lifecycle youtube1@1.0.0~dev: Returned: code: 1  signal: null
13 info lifecycle youtube1@1.0.0~dev: Failed to exec dev script
14 verbose stack Error: youtube1@1.0.0 dev: `node dev-server.js`
14 verbose stack Exit status 1
14 verbose stack     at EventEmitter.<anonymous> (/usr/local/lib/node_modules/npm/lib/utils/lifecycle.js:255:16)
14 verbose stack     at emitTwo (events.js:106:13)
14 verbose stack     at EventEmitter.emit (events.js:191:7)
14 verbose stack     at ChildProcess.<anonymous> (/usr/local/lib/node_modules/npm/lib/utils/spawn.js:40:14)
14 verbose stack     at emitTwo (events.js:106:13)
14 verbose stack     at ChildProcess.emit (events.js:191:7)
14 verbose stack     at maybeClose (internal/child_process.js:885:16)
14 verbose stack     at Process.ChildProcess._handle.onexit (internal/child_process.js:226:5)
15 verbose pkgid youtube1@1.0.0
16 verbose cwd /Users/suelucas/WebstormProjects/webpack/youtube1
17 error Darwin 14.5.0
18 error argv "/usr/local/Cellar/node/7.1.0/bin/node" "/usr/local/bin/npm" "run" "dev"
19 error node v7.1.0
20 error npm  v3.10.9
21 error code ELIFECYCLE
22 error youtube1@1.0.0 dev: `node dev-server.js`
22 error Exit status 1
23 error Failed at the youtube1@1.0.0 dev script 'node dev-server.js'.
23 error Make sure you have the latest version of node.js and npm installed.
23 error If you do, this is most likely a problem with the youtube1 package,
23 error not with npm itself.
23 error Tell the author that this fails on your system:
23 error     node dev-server.js
23 error You can get information on how to open an issue for this project with:
23 error     npm bugs youtube1
23 error Or if that isn't available, you can get their info via:
23 error     npm owner ls youtube1
23 error There is likely additional logging output above.
24 verbose exit [ 1, true ]
